============================
Test for 3-say_my_name.py
============================

This module defines a function ``say_my_name(first_name, last_name="")``.

Importing the function:
    >>> say_my_name = __import__('3-say_my_name').say_my_name


Basic usage
===========

    >>> say_my_name("John", "Smith")
    My name is John Smith

    >>> say_my_name("Walter", "White")
    My name is Walter White

    >>> say_my_name("Bob")
    My name is Bob 

    >>> say_my_name("Alice", "")
    My name is Alice 


Testing with spaces and special characters
==========================================

    >>> say_my_name("Jean-Luc", "Picard")
    My name is Jean-Luc Picard

    >>> say_my_name("Mary Jane", "Watson")
    My name is Mary Jane Watson


Testing empty strings
====================

    >>> say_my_name("", "")
    My name is  


Testing type errors
==================

First name not a string:

    >>> say_my_name(12, "White")
    Traceback (most recent call last):
        ...
    TypeError: first_name must be a string

    >>> say_my_name(None, "White")
    Traceback (most recent call last):
        ...
    TypeError: first_name must be a string

    >>> say_my_name([1, 2], "White")
    Traceback (most recent call last):
        ...
    TypeError: first_name must be a string


Last name not a string:

    >>> say_my_name("John", 12)
    Traceback (most recent call last):
        ...
    TypeError: last_name must be a string

    >>> say_my_name("John", None)
    Traceback (most recent call last):
        ...
    TypeError: last_name must be a string

    >>> say_my_name("John", ["Smith"])
    Traceback (most recent call last):
        ...
    TypeError: last_name must be a string


Testing missing argument
=======================

    >>> say_my_name()
    Traceback (most recent call last):
        ...
    TypeError: say_my_name() missing 1 required positional argument: 'first_name'